<?xml version="1.0" encoding="utf-8" standalone="no"?>
<!--This file represents the results of running a test suite-->
<test-results name="C:\git\FSharpMVC3Starter\test\Project1.nunit" total="3" errors="0" failures="0" not-run="0" inconclusive="0" ignored="0" skipped="0" invalid="0" date="2011-02-08" time="19:30:05">
  <environment nunit-version="2.5.9.10348" clr-version="2.0.50727.4952" os-version="Microsoft Windows NT 6.1.7600.0" platform="Win32NT" cwd="C:\Program Files (x86)\NUnit 2.5.9\bin\net-2.0" machine-name="WIN-ANF7NS6V9M0" user="Daniel Mohl" user-domain="WIN-ANF7NS6V9M0" />
  <culture-info current-culture="en-US" current-uiculture="en-US" />
  <test-suite type="Project" name="C:\git\FSharpMVC3Starter\test\Project1.nunit" executed="True" result="Success" success="True" time="0.718" asserts="0">
    <results>
      <test-suite type="Assembly" name="C:\git\FSharpMVC3Starter\test\FSharpMVC2.Controllers.Tests\bin\Release\FSharpMVC3.Controllers.Tests.dll" executed="True" result="Success" success="True" time="0.687" asserts="0">
        <results>
          <test-suite type="TestFixture" name="HomeControllerTests+HomeController__when_calling_the_about_action" executed="True" result="Success" success="True" time="0.481" asserts="0">
            <results>
              <test-case name="HomeControllerTests+HomeController__when_calling_the_about_action.should_have_a_non_null_result" executed="True" result="Success" success="True" time="0.320" asserts="0" />
            </results>
          </test-suite>
          <test-suite type="TestFixture" name="HomeControllerTests+HomeController__when_calling_the_index_action" executed="True" result="Success" success="True" time="0.013" asserts="0">
            <results>
              <test-case name="HomeControllerTests+HomeController__when_calling_the_index_action.should_have_a_non_null_result" executed="True" result="Success" success="True" time="0.002" asserts="0" />
              <test-case name="HomeControllerTests+HomeController__when_calling_the_index_action.should_have_the_expected_message_in_view_data" executed="True" result="Success" success="True" time="0.010" asserts="1" />
            </results>
          </test-suite>
        </results>
      </test-suite>
    </results>
  </test-suite>
</test-results>